make all --print-data-base --no-builtin-variables --no-builtin-rules --question
# GNU Make 3.81
# Copyright (C) 2006  Free Software Foundation, Inc.
# This is free software; see the source for copying conditions.
# There is NO warranty; not even for MERCHANTABILITY or FITNESS FOR A
# PARTICULAR PURPOSE.

# This program built for i386-apple-darwin11.3.0

# Make data base, printed on Thu Aug  4 13:19:14 2022

# Variables

# automatic
<D = $(patsubst %/,%,$(dir $<))
# automatic
?F = $(notdir $?)
# makefile (from `Makefile', line 22)
OBJ = $(SRC:%.c=%.o)
# makefile (from `Makefile', line 16)
SRC = mandatory/basic_functions.c mandatory/functions.c mandatory/new_split.c mandatory/pipex.c
# automatic
?D = $(patsubst %/,%,$(dir $?))
# automatic
@D = $(patsubst %/,%,$(dir $@))
# automatic
@F = $(notdir $@)
# makefile
CURDIR := /Users/irhesri/Desktop/pipex
# makefile
SHELL = /bin/sh
# environment
VSCODE_NLS_CONFIG = {"locale":"en-us","availableLanguages":{},"_languagePackSupport":true}
# environment
_ = /usr/bin/make
# makefile (from `Makefile', line 1)
MAKEFILE_LIST :=  Makefile
# environment
VSCODE_CWD = /
# environment
Apple_PubSub_Socket_Render = /private/tmp/com.apple.launchd.pP76jKwtMb/Render
# environment
PATH = /usr/local/bin:/usr/bin:/bin:/usr/sbin:/sbin:/usr/local/munki
# environment
LSCOLORS = Gxfxcxdxbxegedabagacad
# environment
ELECTRON_RUN_AS_NODE = 1
# default
.FEATURES := target-specific order-only second-expansion else-if archives jobserver check-symlink
# environment
SSH_AUTH_SOCK = /private/tmp/com.apple.launchd.fKp8boElsn/Listeners
# automatic
%F = $(notdir $%)
# makefile (from `Makefile', line 17)
SRC_B = bonus/basic_functions_bonus.c bonus/functions_bonus.c bonus/get_next_line_bonus.c bonus/new_split_bonus.c bonus/pipex_bonus.c
# environment
PWD = /Users/irhesri/Desktop/pipex
# environment
ORIGINAL_XDG_CURRENT_DESKTOP = undefined
# environment
VSCODE_AMD_ENTRYPOINT = vs/workbench/api/node/extensionHostProcess
# environment
HOME = /Users/irhesri
# default
MAKEFILEPATH := /Applications/Xcode.app/Contents/Developer/Makefiles
# environment
VSCODE_CODE_CACHE_PATH = /Users/irhesri/Library/Application Support/Code/CachedData/b06ae3b2d2dbfe28bca3134cc6be65935cdfea6a
# environment
LOGNAME = irhesri
# environment
APPLICATION_INSIGHTS_NO_DIAGNOSTIC_CHANNEL = 1
# environment
ZSH = /Users/irhesri/.oh-my-zsh
# environment
VSCODE_HANDLES_UNCAUGHT_ERRORS = true
# automatic
^D = $(patsubst %/,%,$(dir $^))
# environment
XPC_FLAGS = 0x0
# default
MAKE = $(MAKE_COMMAND)
# default
MAKECMDGOALS := all
# environment
SHLVL = 1
# makefile (from `Makefile', line 19)
CC = gcc 
# default
MAKE_VERSION := 3.81
# environment
USER = irhesri
# makefile
.DEFAULT_GOAL := pipex
# makefile (from `Makefile', line 13)
NAME = pipex
# environment
LESS = -R
# automatic
%D = $(patsubst %/,%,$(dir $%))
# default
MAKE_COMMAND := /Applications/Xcode.app/Contents/Developer/usr/bin/make
# default
.VARIABLES := 
# environment
TMPDIR = /var/folders/zz/zyxvpxvq6csfxvn_n0000jy80004gk/T/
# automatic
*F = $(notdir $*)
# environment
VSCODE_IPC_HOOK = /Users/irhesri/Library/Application Support/Code/1.69.1-main.sock
# environment
MallocNanoZone = 0
# makefile
MAKEFLAGS = Rrqp
# environment
MFLAGS = -Rrqp
# automatic
*D = $(patsubst %/,%,$(dir $*))
# environment
XPC_SERVICE_NAME = com.microsoft.VSCode.1276
# automatic
+D = $(patsubst %/,%,$(dir $+))
# makefile (from `Makefile', line 23)
OBJ_B = $(SRC_B:%.c=%.o)
# automatic
+F = $(notdir $+)
# environment
__CF_USER_TEXT_ENCODING = 0x11F2:0:0
# default
MAKEFILES := 
# automatic
<F = $(notdir $<)
# environment
PAGER = less
# environment
LC_ALL = C
# automatic
^F = $(notdir $^)
# default
SUFFIXES := 
# default
.INCLUDE_DIRS = /usr/local/include
# environment
MAKELEVEL := 0
# environment
LANG = C
# environment
VSCODE_PID = 33371
# makefile (from `Makefile', line 14)
NAME_B = pipex_bonus
# variable set hash-table stats:
# Load=68/1024=7%, Rehash=0, Collisions=3/99=3%

# Pattern-specific Variable Values

# No pattern-specific variable values.

# Directories

# . (device 16777227, inode 1978963): 9 files, no impossibilities.

# 9 files, no impossibilities in 1 directories.

# Implicit Rules

%.o: %.c
#  commands to execute (from `Makefile', line 34):
	@gcc $(CFLAGS) -o $@ -c $<
	

# 1 implicit rules, 0 (0.0%) terminal.

# Files

# Not a target:
bonus/basic_functions_bonus.o:
#  Implicit rule search has not been done.
#  Modification time never checked.
#  File has not been updated.

# Not a target:
mandatory/basic_functions.o:
#  Implicit rule search has not been done.
#  Modification time never checked.
#  File has not been updated.

# Not a target:
bonus/pipex_bonus.o:
#  Implicit rule search has not been done.
#  Modification time never checked.
#  File has not been updated.

# Not a target:
mandatory/pipex.o:
#  Implicit rule search has not been done.
#  Modification time never checked.
#  File has not been updated.

all:
#  Phony target (prerequisite of .PHONY).
#  Command-line target.
#  Implicit rule search has not been done.
#  File does not exist.
#  File has been updated.
#  Successfully updated.

.PHONY: all clean fclean re
#  Implicit rule search has not been done.
#  Modification time never checked.
#  File has not been updated.

# Not a target:
.SUFFIXES:
#  Implicit rule search has not been done.
#  Modification time never checked.
#  File has not been updated.

# Not a target:
Makefile:
#  Implicit rule search has been done.
#  Last modified 2022-08-04 13:17:52
#  File has been updated.
#  Successfully updated.
# variable set hash-table stats:
# Load=0/32=0%, Rehash=0, Collisions=0/0=0%

bonus: pipex_bonus
#  Implicit rule search has not been done.
#  Modification time never checked.
#  File has not been updated.

fclean: clean
#  Phony target (prerequisite of .PHONY).
#  Implicit rule search has not been done.
#  File does not exist.
#  File has not been updated.
#  commands to execute (from `Makefile', line 41):
	@rm -rf $(NAME)
	@rm -rf $(NAME_B)
	

# Not a target:
bonus/functions_bonus.o:
#  Implicit rule search has not been done.
#  Modification time never checked.
#  File has not been updated.

# Not a target:
mandatory/functions.o:
#  Implicit rule search has not been done.
#  Modification time never checked.
#  File has not been updated.

# Not a target:
.DEFAULT:
#  Implicit rule search has not been done.
#  Modification time never checked.
#  File has not been updated.

re: fclean all
#  Phony target (prerequisite of .PHONY).
#  Implicit rule search has not been done.
#  File does not exist.
#  File has not been updated.

clean:
#  Phony target (prerequisite of .PHONY).
#  Implicit rule search has not been done.
#  File does not exist.
#  File has not been updated.
#  commands to execute (from `Makefile', line 37):
	@rm -rf mandatory/*.o
	@rm -rf bonus/*.o
	

pipex_bonus: bonus/basic_functions_bonus.o bonus/functions_bonus.o bonus/get_next_line_bonus.o bonus/new_split_bonus.o bonus/pipex_bonus.o
#  Implicit rule search has not been done.
#  Modification time never checked.
#  File has not been updated.
#  commands to execute (from `Makefile', line 31):
	@$(CC) $^ -o $@
	

# Not a target:
bonus/new_split_bonus.o:
#  Implicit rule search has not been done.
#  Modification time never checked.
#  File has not been updated.

# Not a target:
mandatory/new_split.o:
#  Implicit rule search has not been done.
#  Modification time never checked.
#  File has not been updated.

# Not a target:
bonus/get_next_line_bonus.o:
#  Implicit rule search has not been done.
#  Modification time never checked.
#  File has not been updated.

pipex: mandatory/basic_functions.o mandatory/functions.o mandatory/new_split.o mandatory/pipex.o
#  Implicit rule search has not been done.
#  Modification time never checked.
#  File has not been updated.
#  commands to execute (from `Makefile', line 26):
	@$(CC) $^ -o $@
	

# files hash-table stats:
# Load=20/1024=2%, Rehash=0, Collisions=0/49=0%
# VPATH Search Paths

# No `vpath' search paths.

# No general (`VPATH' variable) search path.

# # of strings in strcache: 1
# # of strcache buffers: 1
# strcache size: total = 4096 / max = 4096 / min = 4096 / avg = 4096
# strcache free: total = 4087 / max = 4087 / min = 4087 / avg = 4087

 
# Finished Make data base on Thu Aug  4 13:19:14 2022

 
